  Game.cpp
  Tile.cpp
C:\Users\bethan\Desktop\Santorini_t7099112 - Copy\Santorini\Santorini\Tile.cpp(22,46): warning C4244: 'argument': conversion from 'int' to 'float', possible loss of data
C:\Users\bethan\Desktop\Santorini_t7099112 - Copy\Santorini\Santorini\Tile.cpp(22,33): warning C4244: 'argument': conversion from 'int' to 'float', possible loss of data
C:\Users\bethan\Desktop\Santorini_t7099112 - Copy\Santorini\Santorini\Tile.cpp(39,41): warning C4244: 'argument': conversion from 'int' to 'T', possible loss of data
C:\Users\bethan\Desktop\Santorini_t7099112 - Copy\Santorini\Santorini\Tile.cpp(39,41): warning C4244:         with
C:\Users\bethan\Desktop\Santorini_t7099112 - Copy\Santorini\Santorini\Tile.cpp(39,41): warning C4244:         [
C:\Users\bethan\Desktop\Santorini_t7099112 - Copy\Santorini\Santorini\Tile.cpp(39,41): warning C4244:             T=float
C:\Users\bethan\Desktop\Santorini_t7099112 - Copy\Santorini\Santorini\Tile.cpp(39,41): warning C4244:         ]
C:\Users\bethan\Desktop\Santorini_t7099112 - Copy\Santorini\Santorini\Tile.cpp(39,35): warning C4244: 'argument': conversion from 'int' to 'T', possible loss of data
C:\Users\bethan\Desktop\Santorini_t7099112 - Copy\Santorini\Santorini\Tile.cpp(39,35): warning C4244:         with
C:\Users\bethan\Desktop\Santorini_t7099112 - Copy\Santorini\Santorini\Tile.cpp(39,35): warning C4244:         [
C:\Users\bethan\Desktop\Santorini_t7099112 - Copy\Santorini\Santorini\Tile.cpp(39,35): warning C4244:             T=float
C:\Users\bethan\Desktop\Santorini_t7099112 - Copy\Santorini\Santorini\Tile.cpp(39,35): warning C4244:         ]
C:\Users\bethan\Desktop\Santorini_t7099112 - Copy\Santorini\Santorini\Tile.cpp(40,73): warning C4244: 'argument': conversion from 'int' to 'float', possible loss of data
C:\Users\bethan\Desktop\Santorini_t7099112 - Copy\Santorini\Santorini\Tile.cpp(40,47): warning C4244: 'argument': conversion from 'int' to 'float', possible loss of data
C:\Users\bethan\Desktop\Santorini_t7099112 - Copy\Santorini\Santorini\Tile.cpp(50,44): warning C4244: 'argument': conversion from 'int' to 'float', possible loss of data
  World.cpp
C:\Users\bethan\Desktop\Santorini_t7099112 - Copy\Santorini\Santorini\Tile.cpp(50,30): warning C4244: 'argument': conversion from 'int' to 'float', possible loss of data
  main.cpp
C:\Users\bethan\Desktop\Santorini_t7099112 - Copy\Santorini\Santorini\World.cpp(9,12): warning C4244: 'argument': conversion from 'time_t' to 'unsigned int', possible loss of data
  Generating code
  8 of 115 functions ( 7.0%) were compiled, the rest were copied from previous compilation.
    4 functions were new in current compilation
    1 functions had inline decision re-evaluated but remain unchanged
  Finished generating code
  Santorini.vcxproj -> C:\Users\bethan\Desktop\Santorini_t7099112 - Copy\Santorini\x64\Release\Santorini.exe
