c:\users\bethan\desktop\santorini_t7099112\santorini\santorini\x64\release\vc142.pdb
c:\users\bethan\desktop\santorini_t7099112\santorini\santorini\x64\release\tile.obj
c:\users\bethan\desktop\santorini_t7099112\santorini\santorini\x64\release\server.obj
c:\users\bethan\desktop\santorini_t7099112\santorini\santorini\x64\release\entity.obj
c:\users\bethan\desktop\santorini_t7099112\santorini\santorini\x64\release\client.obj
c:\users\bethan\desktop\santorini_t7099112\santorini\santorini\x64\release\main.obj
c:\users\bethan\desktop\santorini_t7099112\santorini\santorini\x64\release\game.obj
c:\users\bethan\desktop\santorini_t7099112\santorini\santorini\x64\release\worker.obj
c:\users\bethan\desktop\santorini_t7099112\santorini\santorini\x64\release\world.obj
c:\users\bethan\desktop\santorini_t7099112\santorini\x64\release\santorini.exe
c:\users\bethan\desktop\santorini_t7099112\santorini\x64\release\santorini.pdb
c:\users\bethan\desktop\santorini_t7099112\santorini\x64\release\santorini.ipdb
c:\users\bethan\desktop\santorini_t7099112\santorini\x64\release\santorini.iobj
c:\users\bethan\desktop\santorini_t7099112\santorini\santorini\x64\release\santorini.tlog\cl.command.1.tlog
c:\users\bethan\desktop\santorini_t7099112\santorini\santorini\x64\release\santorini.tlog\cl.read.1.tlog
c:\users\bethan\desktop\santorini_t7099112\santorini\santorini\x64\release\santorini.tlog\cl.write.1.tlog
c:\users\bethan\desktop\santorini_t7099112\santorini\santorini\x64\release\santorini.tlog\link.command.1.tlog
c:\users\bethan\desktop\santorini_t7099112\santorini\santorini\x64\release\santorini.tlog\link.read.1.tlog
c:\users\bethan\desktop\santorini_t7099112\santorini\santorini\x64\release\santorini.tlog\link.write.1.tlog
c:\users\bethan\desktop\santorini_t7099112\santorini\santorini\x64\release\santorini.tlog\santorini.write.1u.tlog
